2025/07/07 17:49:32 [INFO] 应用程序启动中...
2025/07/07 18:04:30 [INFO] 应用程序启动中...
2025/07/07 18:04:30 [INFO] 服务器启动在 http://localhost:8080
2025/07/07 18:04:51 [INFO] 收到关闭信号，服务器正在关闭...
2025/07/07 18:04:51 [INFO] 服务器已停止
2025/07/07 19:48:42 [INFO] 应用程序启动中...
2025/07/07 19:49:52 [INFO] 应用程序启动中...
2025/07/07 19:51:36 [INFO] 应用程序启动中...
2025/07/07 19:51:36 [INFO] 服务器启动在 http://localhost:8080
2025/07/07 20:01:38 [INFO] 应用程序启动中...
2025/07/07 20:01:38 [INFO] 服务器启动在 http://localhost:8080
2025/07/07 20:01:38 [ERROR] 服务器启动失败: listen tcp 0.0.0.0:8080: bind: Only one usage of each socket address (protocol/network address/port) is normally permitted.
2025/07/07 20:02:39 [INFO] 收到关闭信号，服务器正在关闭...
2025/07/07 20:02:39 [INFO] 服务器已停止
2025/07/07 20:06:32 [INFO] 应用程序启动中...
2025/07/07 20:06:32 [INFO] 服务器启动在 http://localhost:8080
2025/07/07 20:06:56 [INFO] 用户操作 - 用户: admin, 操作: 登录, 详情: IP: [::1]:50706, 结果: 失败
2025/07/07 20:07:00 [INFO] 用户操作 - 用户: admin, 操作: 登录, 详情: IP: [::1]:50706, 结果: 失败
2025/07/07 20:07:51 [INFO] 收到关闭信号，服务器正在关闭...
2025/07/07 20:07:51 [INFO] 服务器已停止
2025/07/07 20:22:11 [INFO] 应用程序启动中...
2025/07/07 20:22:11 [INFO] 服务器启动在 http://localhost:8080
2025/07/07 20:22:25 [INFO] 用户操作 - 用户: admin, 操作: 登录, 详情: IP: [::1]:59802, 结果: 失败
2025/07/07 20:22:33 [INFO] 用户操作 - 用户: ha, 操作: 登录, 详情: IP: [::1]:59882, 结果: 失败
2025/07/07 20:27:15 [INFO] 收到关闭信号，服务器正在关闭...
2025/07/07 20:27:15 [INFO] 服务器已停止
2025/07/07 20:29:02 [INFO] 应用程序启动中...
2025/07/07 20:29:02 [INFO] 服务器启动在 http://localhost:8080
2025/07/07 20:29:27 [INFO] 用户操作 - 用户: admin, 操作: 登录, 详情: IP: [::1]:52651, 结果: 失败
2025/07/07 20:29:47 [INFO] 收到关闭信号，服务器正在关闭...
2025/07/07 20:29:47 [INFO] 服务器已停止
2025/07/07 21:12:16 [INFO] 应用程序启动中...
2025/07/07 21:12:16 [INFO] 服务器启动在 http://localhost:8080
2025/07/07 21:12:25 [INFO] 用户操作 - 用户: admin, 操作: 登录, 详情: IP: [::1]:64700, 结果: 失败
2025/07/07 21:17:12 [INFO] 收到关闭信号，服务器正在关闭...
2025/07/07 21:17:12 [INFO] 服务器已停止
2025/07/07 21:18:31 [INFO] 应用程序启动中...
2025/07/07 21:18:31 [INFO] 服务器启动在 http://localhost:8080
2025/07/07 21:18:49 [INFO] 用户操作 - 用户: admin, 操作: 登录, 详情: IP: [::1]:65488, 结果: 成功
2025/07/07 21:18:49 [INFO] 用户操作 - 用户: admin, 操作: 查看用户列表, 详情: , 结果: 成功
2025/07/07 21:19:16 [INFO] 用户操作 - 用户: admin, 操作: 登出, 详情: IP: [::1]:65488, 结果: 成功
2025/07/07 21:19:21 [INFO] 用户操作 - 用户: ha, 操作: 登录, 详情: IP: [::1]:65488, 结果: 成功
2025/07/07 21:19:21 [INFO] 用户操作 - 用户: ha, 操作: 查看用户列表, 详情: , 结果: 成功
2025/07/07 21:19:29 [INFO] 用户操作 - 用户: ha, 操作: 查看用户列表, 详情: , 结果: 成功
2025/07/07 21:19:31 [INFO] 用户操作 - 用户: ha, 操作: 查看用户列表, 详情: , 结果: 成功
2025/07/07 21:19:37 [INFO] 用户操作 - 用户: ha, 操作: 登出, 详情: IP: [::1]:49185, 结果: 成功
2025/07/07 21:21:11 [INFO] 用户操作 - 用户: xiaohong, 操作: 注册, 详情: 邮箱: 2345345@qq.com, IP: [::1]:49406, 结果: 成功
2025/07/07 21:21:23 [INFO] 用户操作 - 用户: xiaohong, 操作: 登录, 详情: IP: [::1]:49406, 结果: 成功
2025/07/07 21:21:23 [INFO] 用户操作 - 用户: xiaohong, 操作: 查看用户列表, 详情: , 结果: 成功
2025/07/07 21:21:33 [INFO] 用户操作 - 用户: xiaohong, 操作: 查看用户列表, 详情: , 结果: 成功
2025/07/07 21:21:35 [INFO] 用户操作 - 用户: xiaohong, 操作: 登出, 详情: IP: [::1]:49406, 结果: 成功
2025/07/07 21:21:50 [INFO] 用户操作 - 用户: admin, 操作: 登录, 详情: IP: [::1]:49406, 结果: 成功
2025/07/07 21:21:50 [INFO] 用户操作 - 用户: admin, 操作: 查看用户列表, 详情: , 结果: 成功
2025/07/07 21:22:14 [INFO] 用户操作 - 用户: admin, 操作: 更新用户, 详情: 目标用户: xiaohong (ID: 5), 邮箱: 5555555@qq.com, 角色: user, 结果: 成功
2025/07/07 21:22:14 [INFO] 用户操作 - 用户: admin, 操作: 查看用户列表, 详情: , 结果: 成功
2025/07/07 21:22:26 [INFO] 用户操作 - 用户: admin, 操作: 更新用户, 详情: 目标用户: xiaohong (ID: 5), 邮箱: 5555555@qq.com, 角色: admin, 结果: 成功
2025/07/07 21:22:26 [INFO] 用户操作 - 用户: admin, 操作: 查看用户列表, 详情: , 结果: 成功
2025/07/07 21:22:35 [INFO] 用户操作 - 用户: admin, 操作: 登出, 详情: IP: [::1]:49406, 结果: 成功
2025/07/07 21:22:45 [INFO] 用户操作 - 用户: xiaohong, 操作: 登录, 详情: IP: [::1]:49406, 结果: 成功
2025/07/07 21:22:45 [INFO] 用户操作 - 用户: xiaohong, 操作: 查看用户列表, 详情: , 结果: 成功
2025/07/07 21:23:03 [INFO] 用户操作 - 用户: xiaohong, 操作: 登出, 详情: IP: [::1]:49406, 结果: 成功
2025/07/07 21:23:13 [INFO] 用户操作 - 用户: xiaohong, 操作: 登录, 详情: IP: [::1]:49406, 结果: 成功
2025/07/07 21:23:13 [INFO] 用户操作 - 用户: xiaohong, 操作: 查看用户列表, 详情: , 结果: 成功
2025/07/07 21:23:20 [INFO] 用户操作 - 用户: xiaohong, 操作: 删除用户, 详情: 目标用户: xiaoen (ID: 2), 结果: 成功
2025/07/07 21:23:20 [INFO] 用户操作 - 用户: xiaohong, 操作: 查看用户列表, 详情: , 结果: 成功
2025/07/07 21:23:25 [INFO] 用户操作 - 用户: xiaohong, 操作: 登出, 详情: IP: [::1]:49406, 结果: 成功
2025/07/07 21:23:30 [INFO] 用户操作 - 用户: xiaohong, 操作: 登录, 详情: IP: [::1]:49406, 结果: 成功
2025/07/07 21:23:30 [INFO] 用户操作 - 用户: xiaohong, 操作: 查看用户列表, 详情: , 结果: 成功
2025/07/07 21:46:56 [INFO] 收到关闭信号，服务器正在关闭...
2025/07/07 21:46:56 [INFO] 服务器已停止
