2025/07/11 17:33:09 [INFO] 应用程序启动中...
2025/07/11 17:33:09 [INFO] 服务器启动在 http://localhost:8080
2025/07/11 17:33:34 [INFO] 用户操作 - 用户: admin, 操作: 登录, 详情: IP: [::1]:54055, 结果: 成功
2025/07/11 17:33:34 [INFO] 用户操作 - 用户: admin, 操作: 查看用户列表, 详情: , 结果: 成功
2025/07/11 17:33:40 [INFO] 用户操作 - 用户: admin, 操作: 登出, 详情: IP: [::1]:54055, 结果: 成功
2025/07/11 17:33:41 [INFO] 用户操作 - 用户: admin, 操作: 登录, 详情: IP: [::1]:54055, 结果: 成功
2025/07/11 17:33:41 [INFO] 用户操作 - 用户: admin, 操作: 查看用户列表, 详情: , 结果: 成功
2025/07/11 17:35:18 [INFO] 收到关闭信号，服务器正在关闭...
2025/07/11 17:35:18 [INFO] 服务器已停止
2025/07/11 22:18:05 [INFO] 应用程序启动中...
2025/07/11 22:18:06 [INFO] 服务器启动在 http://localhost:8080
2025/07/11 22:18:12 [INFO] UserController: 用户服务已初始化
2025/07/11 22:18:23 [INFO] AuthController: 用户服务已初始化
2025/07/11 22:18:25 [INFO] 用户操作 - 用户: admin, 操作: 登录, 详情: IP: [::1]:49953, 结果: 成功
2025/07/11 22:18:25 [INFO] 用户操作 - 用户: admin, 操作: 查看用户列表, 详情: , 结果: 成功
2025/07/11 22:18:36 [INFO] 用户操作 - 用户: admin, 操作: 登出, 详情: IP: [::1]:50076, 结果: 成功
2025/07/11 22:18:40 [INFO] 用户操作 - 用户: libai, 操作: 登录, 详情: IP: [::1]:50076, 结果: 成功
2025/07/11 22:18:40 [INFO] 用户操作 - 用户: libai, 操作: 查看用户列表, 详情: , 结果: 成功
2025/07/11 22:30:40 [INFO] 收到关闭信号，服务器正在关闭...
2025/07/11 22:30:40 [INFO] 服务器已停止
