2025/07/09 14:48:33 [INFO] 应用程序启动中...
2025/07/09 14:48:34 [INFO] 服务器启动在 http://localhost:8080
2025/07/09 14:48:55 [INFO] 用户操作 - 用户: xiaohong, 操作: 登录, 详情: IP: [::1]:64915, 结果: 成功
2025/07/09 14:48:55 [INFO] 用户操作 - 用户: xiaohong, 操作: 查看用户列表, 详情: , 结果: 成功
2025/07/09 14:49:52 [INFO] 用户操作 - 用户: xiaohong, 操作: 查看用户列表, 详情: , 结果: 成功
2025/07/09 14:49:54 [INFO] 用户操作 - 用户: xiaohong, 操作: 查看用户列表, 详情: , 结果: 成功
2025/07/09 14:50:16 [INFO] 用户操作 - 用户: xiaohong, 操作: 登出, 详情: IP: [::1]:65055, 结果: 成功
2025/07/09 14:50:36 [INFO] 用户操作 - 用户: admin, 操作: 登录, 详情: IP: [::1]:65055, 结果: 成功
2025/07/09 14:50:36 [INFO] 用户操作 - 用户: admin, 操作: 查看用户列表, 详情: , 结果: 成功
2025/07/09 14:50:40 [INFO] 用户操作 - 用户: admin, 操作: 删除用户, 详情: 目标用户: xiaohong (ID: 5), 结果: 成功
2025/07/09 14:50:40 [INFO] 用户操作 - 用户: admin, 操作: 查看用户列表, 详情: , 结果: 成功
2025/07/09 14:50:42 [INFO] 用户操作 - 用户: admin, 操作: 查看用户列表, 详情: , 结果: 成功
2025/07/09 14:50:44 [INFO] 用户操作 - 用户: admin, 操作: 登出, 详情: IP: [::1]:65055, 结果: 成功
2025/07/09 14:50:54 [ERROR] 用户操作失败 - 用户: admin, 操作: 注册, 详情: 邮箱: 5555555@qq.com, IP: [::1]:65055, 错误: 用户名已存在
2025/07/09 14:51:08 [ERROR] 用户操作失败 - 用户: admin, 操作: 注册, 详情: 邮箱: 21353425@qq.com, IP: [::1]:65055, 错误: 用户名已存在
2025/07/09 14:51:22 [INFO] 用户操作 - 用户: xiaohong, 操作: 注册, 详情: 邮箱: 555435@qq.com, IP: [::1]:65055, 结果: 成功
2025/07/09 14:51:26 [INFO] 用户操作 - 用户: xiaohong, 操作: 登录, 详情: IP: [::1]:65055, 结果: 成功
2025/07/09 14:51:26 [INFO] 用户操作 - 用户: xiaohong, 操作: 查看用户列表, 详情: , 结果: 成功
2025/07/09 15:01:11 [INFO] 收到关闭信号，服务器正在关闭...
2025/07/09 15:01:11 [INFO] 服务器已停止
2025/07/09 15:03:34 [INFO] 应用程序启动中...
2025/07/09 15:03:34 [INFO] 服务器启动在 http://localhost:8080
2025/07/09 15:04:30 [INFO] 用户操作 - 用户: admin, 操作: 登录, 详情: IP: [::1]:49983, 结果: 成功
2025/07/09 15:04:30 [INFO] 用户操作 - 用户: admin, 操作: 查看用户列表, 详情: , 结果: 成功
2025/07/09 15:05:53 [INFO] 用户操作 - 用户: admin, 操作: 登出, 详情: IP: [::1]:50413, 结果: 成功
2025/07/09 15:06:14 [INFO] 用户操作 - 用户: libai, 操作: 注册, 详情: 邮箱: 123123@qq.com, IP: [::1]:50438, 结果: 成功
2025/07/09 15:06:22 [INFO] 用户操作 - 用户: libai, 操作: 登录, 详情: IP: [::1]:50459, 结果: 成功
2025/07/09 15:06:22 [INFO] 用户操作 - 用户: libai, 操作: 查看用户列表, 详情: , 结果: 成功
2025/07/09 15:06:43 [INFO] 用户操作 - 用户: libai, 操作: 登出, 详情: IP: [::1]:50491, 结果: 成功
2025/07/09 15:06:46 [INFO] 用户操作 - 用户: admin, 操作: 登录, 详情: IP: [::1]:50501, 结果: 成功
2025/07/09 15:06:46 [INFO] 用户操作 - 用户: admin, 操作: 查看用户列表, 详情: , 结果: 成功
2025/07/09 15:07:05 [INFO] 用户操作 - 用户: admin, 操作: 更新用户, 详情: 目标用户: libai (ID: 7), 邮箱: 234234@qq.com, 角色: admin, 结果: 成功
2025/07/09 15:07:05 [INFO] 用户操作 - 用户: admin, 操作: 查看用户列表, 详情: , 结果: 成功
2025/07/09 15:07:13 [INFO] 用户操作 - 用户: admin, 操作: 登出, 详情: IP: [::1]:50532, 结果: 成功
2025/07/09 15:07:18 [INFO] 用户操作 - 用户: libai, 操作: 登录, 详情: IP: [::1]:50540, 结果: 成功
2025/07/09 15:07:18 [INFO] 用户操作 - 用户: libai, 操作: 查看用户列表, 详情: , 结果: 成功
2025/07/09 15:07:27 [INFO] 用户操作 - 用户: libai, 操作: 登出, 详情: IP: [::1]:50549, 结果: 成功
2025/07/09 15:08:02 [ERROR] 用户操作失败 - 用户: libai, 操作: 注册, 详情: 邮箱: 12345@qq.com, IP: [::1]:50582, 错误: 用户名已存在
2025/07/09 15:22:58 [INFO] 收到关闭信号，服务器正在关闭...
2025/07/09 15:22:58 [INFO] 服务器已停止
2025/07/09 15:35:28 [INFO] 应用程序启动中...
2025/07/09 15:35:28 [INFO] 服务器启动在 http://localhost:8080
2025/07/09 15:36:03 [INFO] 用户操作 - 用户: libai, 操作: 登录, 详情: IP: [::1]:63844, 结果: 成功
2025/07/09 15:36:03 [INFO] 用户操作 - 用户: libai, 操作: 查看用户列表, 详情: , 结果: 成功
2025/07/09 15:36:08 [INFO] 用户操作 - 用户: libai, 操作: 查看用户列表, 详情: , 结果: 成功
2025/07/09 15:36:29 [INFO] 用户操作 - 用户: libai, 操作: 登出, 详情: IP: [::1]:63844, 结果: 成功
2025/07/09 15:39:27 [INFO] 用户操作 - 用户: libai, 操作: 登录, 详情: IP: [::1]:64009, 结果: 成功
2025/07/09 15:39:27 [INFO] 用户操作 - 用户: libai, 操作: 查看用户列表, 详情: , 结果: 成功
2025/07/09 15:39:30 [INFO] 用户操作 - 用户: admin, 操作: 登录, 详情: IP: [::1]:64023, 结果: 成功
2025/07/09 15:39:30 [INFO] 用户操作 - 用户: admin, 操作: 查看用户列表, 详情: , 结果: 成功
2025/07/09 15:39:35 [INFO] 用户操作 - 用户: admin, 操作: 查看用户列表, 详情: , 结果: 成功
2025/07/09 15:49:09 [INFO] 用户操作 - 用户: admin, 操作: 登出, 详情: IP: [::1]:64414, 结果: 成功
2025/07/09 15:49:14 [ERROR] 用户操作失败 - 用户: admin, 操作: 登录, 详情: IP: [::1]:64414, 错误: 密码错误
2025/07/09 15:49:25 [ERROR] 用户操作失败 - 用户: admin, 操作: 登录, 详情: IP: [::1]:64442, 错误: 密码错误
2025/07/09 18:06:00 [INFO] 收到关闭信号，服务器正在关闭...
2025/07/09 18:06:00 [INFO] 服务器已停止
